android/build/intermediates/manifest_merge_blame_file/basicDebug/manifest-merger-blame-basic-debug-report.txt
1<?xml version="1.0" encoding="utf-8"?>
2<manifest xmlns:android="http://schemas.android.com/apk/res/android"
3    package="com.frostwire.d4v"
4    android:installLocation="auto"
5    android:versionCode="9060708"
6    android:versionName="2.6.2" >
7
8    <uses-sdk
9        android:minSdkVersion="24"
9-->D4V/android/AndroidManifest.xml
10        android:targetSdkVersion="32" />
10-->D4V/android/AndroidManifest.xml
11    <!-- IMPORTANT!! Ignore these, just use as a reference, now it's handled with gradle -->
12    <!-- Plus  android:versionCode="9070xyz" (always commit like this, plus!) -->
13    <!-- Basic android:versionCode="9060xyz" (don't commit like this) -->
14    <!-- Plus version example  for 1.7.2 build 242  -> 9050242 -->
15    <!-- Basic version example for 1.7.2 build 242  -> 9010242 -->
16    <!-- Don't go nuts, max version number will be: 2,147,483,647 -->
17
18
19    <!-- low level networking -->
20    <uses-permission android:name="android.permission.ACCESS_NETWORK_STATE" />
20-->D4V/android/AndroidManifest.xml:18:5-79
20-->D4V/android/AndroidManifest.xml:18:22-76
21    <uses-permission android:name="android.permission.CHANGE_NETWORK_STATE" />
21-->D4V/android/AndroidManifest.xml:19:5-79
21-->D4V/android/AndroidManifest.xml:19:22-76
22    <uses-permission android:name="android.permission.ACCESS_WIFI_STATE" />
22-->D4V/android/AndroidManifest.xml:20:5-76
22-->D4V/android/AndroidManifest.xml:20:22-73
23    <uses-permission android:name="android.permission.CHANGE_WIFI_STATE" />
23-->D4V/android/AndroidManifest.xml:21:5-76
23-->D4V/android/AndroidManifest.xml:21:22-73
24    <uses-permission android:name="android.permission.CHANGE_WIFI_MULTICAST_STATE" />
24-->D4V/android/AndroidManifest.xml:22:5-86
24-->D4V/android/AndroidManifest.xml:22:22-83
25    <!-- storage -->
26    <!--
27         External refers not to SD Cards, but to SHARED files outside our app's
28         internal storage
29    -->
30
31
32    <!--
33         READ_EXTERNAL_STORAGE should allow us to read media files from other apps,
34         this should be useful for My Files to at least browse, and open files,
35         but we will no longer have the power to remove files.
36         Google Play grants special apps only with WRITE_EXTERNAL_STORAGE permissions
37
38         The File api comes back in Android 11, however it's really a wrapper
39         for accessing the shared external storage and performance will suffer if you
40         open and close the same files multiple times.
41    -->
42    <uses-permission android:name="android.permission.READ_EXTERNAL_STORAGE" />
42-->D4V/android/AndroidManifest.xml:36:5-80
42-->D4V/android/AndroidManifest.xml:36:22-77
43
44    <!-- we gotta leave this here for Android 7.0 (24), 7.1.1 (25), 8.0 (26), 8.1 (27), 9 (28), 10 (29) -->
45    <uses-permission
45-->D4V/android/AndroidManifest.xml:39:5-43:44
46        android:name="android.permission.WRITE_EXTERNAL_STORAGE"
46-->D4V/android/AndroidManifest.xml:40:13-69
47        android:maxSdkVersion="29"
47-->D4V/android/AndroidManifest.xml:41:13-39
48        android:requestLegacyExternalStorage="true" />
48-->D4V/android/AndroidManifest.xml:42:13-56
49
50    <!-- generic -->
51    <uses-permission android:name="android.permission.INTERNET" />
51-->D4V/android/AndroidManifest.xml:46:5-67
51-->D4V/android/AndroidManifest.xml:46:22-64
52    <uses-permission android:name="android.permission.SET_WALLPAPER" />
52-->D4V/android/AndroidManifest.xml:47:5-72
52-->D4V/android/AndroidManifest.xml:47:22-69
53    <uses-permission android:name="android.permission.VIBRATE" />
53-->D4V/android/AndroidManifest.xml:48:5-66
53-->D4V/android/AndroidManifest.xml:48:22-63
54    <uses-permission android:name="android.permission.WAKE_LOCK" />
54-->D4V/android/AndroidManifest.xml:49:5-68
54-->D4V/android/AndroidManifest.xml:49:22-65
55    <uses-permission android:name="android.permission.RECEIVE_BOOT_COMPLETED" />
55-->D4V/android/AndroidManifest.xml:50:5-81
55-->D4V/android/AndroidManifest.xml:50:22-78
56    <uses-permission android:name="android.permission.BROADCAST_STICKY" />
56-->D4V/android/AndroidManifest.xml:51:5-75
56-->D4V/android/AndroidManifest.xml:51:22-72
57    <!-- extra -->
58    <uses-permission android:name="com.android.launcher.permission.INSTALL_SHORTCUT" />
58-->D4V/android/AndroidManifest.xml:53:5-88
58-->D4V/android/AndroidManifest.xml:53:22-85
59    <uses-permission android:name="com.android.vending.BILLING" />
59-->D4V/android/AndroidManifest.xml:54:5-67
59-->D4V/android/AndroidManifest.xml:54:22-64
60    <uses-permission android:name="com.google.android.gms.permission.ACTIVITY_RECOGNITION" />
60-->D4V/android/AndroidManifest.xml:55:5-94
60-->D4V/android/AndroidManifest.xml:55:22-91
61    <uses-permission android:name="android.permission.FOREGROUND_SERVICE" />
61-->D4V/android/AndroidManifest.xml:56:5-77
61-->D4V/android/AndroidManifest.xml:56:22-74
62
63    <queries>
63-->[androidx.media2:media2-session:1.2.1] AndroidManifest.xml:24:5-34:15
64        <intent>
64-->[androidx.media2:media2-session:1.2.1] AndroidManifest.xml:25:9-27:18
65            <action android:name="android.media.browse.MediaBrowserService" />
65-->[androidx.media2:media2-session:1.2.1] AndroidManifest.xml:26:13-79
65-->[androidx.media2:media2-session:1.2.1] AndroidManifest.xml:26:21-76
66        </intent>
67        <intent>
67-->[androidx.media2:media2-session:1.2.1] AndroidManifest.xml:28:9-30:18
68            <action android:name="androidx.media2.session.MediaSessionService" />
68-->[androidx.media2:media2-session:1.2.1] AndroidManifest.xml:29:13-82
68-->[androidx.media2:media2-session:1.2.1] AndroidManifest.xml:29:21-79
69        </intent>
70        <intent>
70-->[androidx.media2:media2-session:1.2.1] AndroidManifest.xml:31:9-33:18
71            <action android:name="androidx.media2.session.MediaLibraryService" />
71-->[androidx.media2:media2-session:1.2.1] AndroidManifest.xml:32:13-82
71-->[androidx.media2:media2-session:1.2.1] AndroidManifest.xml:32:21-79
72        </intent>
73    </queries>
74
75    <uses-permission android:name="com.google.android.gms.permission.AD_ID" />
75-->[com.google.android.gms:play-services-measurement-api:20.1.2] AndroidManifest.xml:25:5-79
75-->[com.google.android.gms:play-services-measurement-api:20.1.2] AndroidManifest.xml:25:22-76
76    <uses-permission android:name="com.google.android.finsky.permission.BIND_GET_INSTALL_REFERRER_SERVICE" />
76-->[com.google.android.gms:play-services-measurement:20.1.2] AndroidManifest.xml:26:5-110
76-->[com.google.android.gms:play-services-measurement:20.1.2] AndroidManifest.xml:26:22-107
77
78    <application
78-->D4V/android/AndroidManifest.xml:58:5-317:19
79        android:name="com.frostwire.d4v.gui.MainApplication"
79-->D4V/android/AndroidManifest.xml:59:13-65
80        android:allowBackup="false"
80-->D4V/android/AndroidManifest.xml:60:13-40
81        android:appComponentFactory="androidx.core.app.CoreComponentFactory"
81-->[androidx.core:core:1.6.0] AndroidManifest.xml:24:18-86
82        android:debuggable="true"
83        android:extractNativeLibs="false"
84        android:icon="@mipmap/ic_launcher"
84-->D4V/android/AndroidManifest.xml:61:13-47
85        android:label="@string/application_label"
85-->D4V/android/AndroidManifest.xml:62:13-54
86        android:testOnly="true"
87        android:theme="@style/Theme.FrostWire" >
87-->D4V/android/AndroidManifest.xml:63:13-51
88        <meta-data
88-->D4V/android/AndroidManifest.xml:65:9-67:73
89            android:name="com.google.android.gms.version"
89-->D4V/android/AndroidManifest.xml:66:17-62
90            android:value="@integer/google_play_services_version" />
90-->D4V/android/AndroidManifest.xml:67:17-70
91        <meta-data
91-->D4V/android/AndroidManifest.xml:68:9-70:74
92            android:name="com.google.android.gms.ads.APPLICATION_ID"
92-->D4V/android/AndroidManifest.xml:69:17-73
93            android:value="ca-app-pub-0657224435269327~1839292928" />
93-->D4V/android/AndroidManifest.xml:70:17-71
94
95        <!-- activities -->
96
97        <activity
97-->D4V/android/AndroidManifest.xml:74:9-134:20
98            android:name="com.frostwire.d4v.gui.activities.MainActivity"
98-->D4V/android/AndroidManifest.xml:75:17-77
99            android:exported="true"
99-->D4V/android/AndroidManifest.xml:79:17-40
100            android:launchMode="singleTask"
100-->D4V/android/AndroidManifest.xml:76:17-48
101            android:protectionLevel="dangerous"
101-->D4V/android/AndroidManifest.xml:77:17-52
102            android:theme="@style/SplashScreenTheme" >
102-->D4V/android/AndroidManifest.xml:78:17-57
103            <intent-filter>
103-->D4V/android/AndroidManifest.xml:80:13-87:29
104                <action android:name="android.intent.action.MAIN" />
104-->D4V/android/AndroidManifest.xml:81:17-69
104-->D4V/android/AndroidManifest.xml:81:25-66
105                <action android:name="android.intent.action.MUSIC_PLAYER" />
105-->D4V/android/AndroidManifest.xml:82:17-77
105-->D4V/android/AndroidManifest.xml:82:25-74
106
107                <category android:name="android.intent.category.LAUNCHER" />
107-->D4V/android/AndroidManifest.xml:84:17-77
107-->D4V/android/AndroidManifest.xml:84:27-74
108                <category android:name="android.intent.category.APP_MUSIC" />
108-->D4V/android/AndroidManifest.xml:85:17-78
108-->D4V/android/AndroidManifest.xml:85:27-75
109                <category android:name="android.intent.category.DEFAULT" />
109-->D4V/android/AndroidManifest.xml:86:17-76
109-->D4V/android/AndroidManifest.xml:86:27-73
110            </intent-filter>
111
112            <!-- handle .torrent urls, files and magnets -->
113            <intent-filter>
113-->D4V/android/AndroidManifest.xml:90:13-98:29
114                <action android:name="android.intent.action.VIEW" />
114-->D4V/android/AndroidManifest.xml:91:17-69
114-->D4V/android/AndroidManifest.xml:91:25-66
115
116                <category android:name="android.intent.category.DEFAULT" />
116-->D4V/android/AndroidManifest.xml:86:17-76
116-->D4V/android/AndroidManifest.xml:86:27-73
117                <category android:name="android.intent.category.BROWSABLE" />
117-->D4V/android/AndroidManifest.xml:94:17-78
117-->D4V/android/AndroidManifest.xml:94:27-75
118
119                <data android:scheme="magnet" />
119-->D4V/android/AndroidManifest.xml:96:17-49
119-->D4V/android/AndroidManifest.xml:96:23-46
120                <data android:host="*" />
120-->D4V/android/AndroidManifest.xml:96:17-49
120-->D4V/android/AndroidManifest.xml:97:23-39
121            </intent-filter>
122            <intent-filter>
122-->D4V/android/AndroidManifest.xml:99:13-111:29
123                <action android:name="android.intent.action.VIEW" />
123-->D4V/android/AndroidManifest.xml:91:17-69
123-->D4V/android/AndroidManifest.xml:91:25-66
124
125                <category android:name="android.intent.category.DEFAULT" />
125-->D4V/android/AndroidManifest.xml:86:17-76
125-->D4V/android/AndroidManifest.xml:86:27-73
126                <category android:name="android.intent.category.BROWSABLE" />
126-->D4V/android/AndroidManifest.xml:94:17-78
126-->D4V/android/AndroidManifest.xml:94:27-75
127
128                <data android:mimeType="application/x-bittorrent" />
128-->D4V/android/AndroidManifest.xml:96:17-49
128-->D4V/android/AndroidManifest.xml:105:23-66
129                <data android:scheme="http" />
129-->D4V/android/AndroidManifest.xml:96:17-49
129-->D4V/android/AndroidManifest.xml:96:23-46
130                <data android:scheme="https" />
130-->D4V/android/AndroidManifest.xml:96:17-49
130-->D4V/android/AndroidManifest.xml:96:23-46
131                <data android:scheme="file" />
131-->D4V/android/AndroidManifest.xml:96:17-49
131-->D4V/android/AndroidManifest.xml:96:23-46
132                <data android:scheme="content" />
132-->D4V/android/AndroidManifest.xml:96:17-49
132-->D4V/android/AndroidManifest.xml:96:23-46
133                <data android:host="*" />
133-->D4V/android/AndroidManifest.xml:96:17-49
133-->D4V/android/AndroidManifest.xml:97:23-39
134            </intent-filter>
135            <intent-filter>
135-->D4V/android/AndroidManifest.xml:112:13-133:29
136                <action android:name="android.intent.action.VIEW" />
136-->D4V/android/AndroidManifest.xml:91:17-69
136-->D4V/android/AndroidManifest.xml:91:25-66
137
138                <category android:name="android.intent.category.DEFAULT" />
138-->D4V/android/AndroidManifest.xml:86:17-76
138-->D4V/android/AndroidManifest.xml:86:27-73
139                <category android:name="android.intent.category.BROWSABLE" />
139-->D4V/android/AndroidManifest.xml:94:17-78
139-->D4V/android/AndroidManifest.xml:94:27-75
140
141                <data android:mimeType="*/*" />
141-->D4V/android/AndroidManifest.xml:96:17-49
141-->D4V/android/AndroidManifest.xml:105:23-66
142                <data android:scheme="http" />
142-->D4V/android/AndroidManifest.xml:96:17-49
142-->D4V/android/AndroidManifest.xml:96:23-46
143                <data android:scheme="https" />
143-->D4V/android/AndroidManifest.xml:96:17-49
143-->D4V/android/AndroidManifest.xml:96:23-46
144                <data android:scheme="file" />
144-->D4V/android/AndroidManifest.xml:96:17-49
144-->D4V/android/AndroidManifest.xml:96:23-46
145                <data android:scheme="content" />
145-->D4V/android/AndroidManifest.xml:96:17-49
145-->D4V/android/AndroidManifest.xml:96:23-46
146                <data android:host="*" />
146-->D4V/android/AndroidManifest.xml:96:17-49
146-->D4V/android/AndroidManifest.xml:97:23-39
147                <data android:pathPattern=".*\\.torrent" />
147-->D4V/android/AndroidManifest.xml:96:17-49
147-->D4V/android/AndroidManifest.xml:124:23-57
148                <data android:pathPattern=".*\\..*\\.torrent" />
148-->D4V/android/AndroidManifest.xml:96:17-49
148-->D4V/android/AndroidManifest.xml:124:23-57
149                <data android:pathPattern=".*\\..*\\..*\\.torrent" />
149-->D4V/android/AndroidManifest.xml:96:17-49
149-->D4V/android/AndroidManifest.xml:124:23-57
150                <data android:pathPattern=".*\\..*\\..*\\..*\\.torrent" />
150-->D4V/android/AndroidManifest.xml:96:17-49
150-->D4V/android/AndroidManifest.xml:124:23-57
151                <data android:pathPattern=".*\\..*\\..*\\..*\\..*\\.torrent" />
151-->D4V/android/AndroidManifest.xml:96:17-49
151-->D4V/android/AndroidManifest.xml:124:23-57
152                <data android:pathPattern=".*\\..*\\..*\\..*\\..*\\..*\\.torrent" />
152-->D4V/android/AndroidManifest.xml:96:17-49
152-->D4V/android/AndroidManifest.xml:124:23-57
153                <data android:pathPattern=".*\\..*\\..*\\..*\\..*\\..*\\..*\\.torrent" />
153-->D4V/android/AndroidManifest.xml:96:17-49
153-->D4V/android/AndroidManifest.xml:124:23-57
154                <data android:pathPattern=".*\\..*\\..*\\..*\\..*\\..*\\..*\\..*\\.torrent" />
154-->D4V/android/AndroidManifest.xml:96:17-49
154-->D4V/android/AndroidManifest.xml:124:23-57
155                <data android:pathPattern=".*\\..*\\..*\\..*\\..*\\..*\\..*\\..*\\..*\\.torrent" />
155-->D4V/android/AndroidManifest.xml:96:17-49
155-->D4V/android/AndroidManifest.xml:124:23-57
156            </intent-filter>
157        </activity>
158        <activity
158-->D4V/android/AndroidManifest.xml:135:9-137:57
159            android:name="com.frostwire.d4v.gui.activities.WizardActivity"
159-->D4V/android/AndroidManifest.xml:136:17-79
160            android:theme="@style/WizardActivity" />
160-->D4V/android/AndroidManifest.xml:137:17-54
161        <activity
161-->D4V/android/AndroidManifest.xml:138:9-140:69
162            android:name="com.frostwire.d4v.gui.activities.SettingsActivity"
162-->D4V/android/AndroidManifest.xml:139:17-81
163            android:label="@string/activity_preferences_name" />
163-->D4V/android/AndroidManifest.xml:140:17-66
164        <activity
164-->D4V/android/AndroidManifest.xml:141:9-155:20
165            android:name="com.frostwire.d4v.gui.activities.BuyActivity"
165-->D4V/android/AndroidManifest.xml:142:17-76
166            android:exported="true"
166-->D4V/android/AndroidManifest.xml:144:17-40
167            android:label="@string/remove_ads" >
167-->D4V/android/AndroidManifest.xml:143:17-51
168            <intent-filter>
168-->D4V/android/AndroidManifest.xml:145:13-154:29
169                <action android:name="android.intent.action.VIEW" />
169-->D4V/android/AndroidManifest.xml:91:17-69
169-->D4V/android/AndroidManifest.xml:91:25-66
170
171                <category android:name="android.intent.category.DEFAULT" />
171-->D4V/android/AndroidManifest.xml:86:17-76
171-->D4V/android/AndroidManifest.xml:86:27-73
172                <category android:name="android.intent.category.BROWSABLE" />
172-->D4V/android/AndroidManifest.xml:94:17-78
172-->D4V/android/AndroidManifest.xml:94:27-75
173                <!-- Accepts URIs that begin with "app://com.frostwire.d4v” -->
174                <data
174-->D4V/android/AndroidManifest.xml:96:17-49
175                    android:host="com.frostwire.d4v"
175-->D4V/android/AndroidManifest.xml:97:23-39
176                    android:scheme="app" />
176-->D4V/android/AndroidManifest.xml:96:23-46
177            </intent-filter>
178        </activity>
179        <activity
179-->D4V/android/AndroidManifest.xml:156:9-158:49
180            android:name="com.frostwire.d4v.gui.activities.AboutActivity"
180-->D4V/android/AndroidManifest.xml:157:17-78
181            android:label="@string/about" />
181-->D4V/android/AndroidManifest.xml:158:17-46
182        <activity
182-->D4V/android/AndroidManifest.xml:159:9-162:51
183            android:name="com.frostwire.d4v.gui.activities.PreviewPlayerActivity"
183-->D4V/android/AndroidManifest.xml:160:17-86
184            android:configChanges="screenSize"
184-->D4V/android/AndroidManifest.xml:161:17-51
185            android:label="@string/playing" />
185-->D4V/android/AndroidManifest.xml:162:17-48
186        <activity
186-->D4V/android/AndroidManifest.xml:163:9-167:44
187            android:name="com.frostwire.d4v.gui.activities.VPNStatusDetailActivity"
187-->D4V/android/AndroidManifest.xml:164:17-88
188            android:excludeFromRecents="true"
188-->D4V/android/AndroidManifest.xml:165:17-50
189            android:label="@string/activity_VPN"
189-->D4V/android/AndroidManifest.xml:166:17-53
190            android:noHistory="true" />
190-->D4V/android/AndroidManifest.xml:167:17-41
191        <activity
191-->D4V/android/AndroidManifest.xml:168:9-170:74
192            android:name="com.frostwire.d4v.gui.activities.TransferDetailActivity"
192-->D4V/android/AndroidManifest.xml:169:17-87
193            android:label="@string/title_activity_transfer_detail" />
193-->D4V/android/AndroidManifest.xml:170:17-71
194
195        <!-- apollo activities -->
196        <activity
196-->D4V/android/AndroidManifest.xml:173:9-175:59
197            android:name="com.andrew.apollo.ui.activities.HomeActivity"
197-->D4V/android/AndroidManifest.xml:174:17-76
198            android:windowSoftInputMode="adjustPan" />
198-->D4V/android/AndroidManifest.xml:175:17-56
199        <activity
199-->D4V/android/AndroidManifest.xml:176:9-241:20
200            android:name="com.andrew.apollo.ui.activities.AudioPlayerActivity"
200-->D4V/android/AndroidManifest.xml:177:17-83
201            android:clearTaskOnLaunch="true"
201-->D4V/android/AndroidManifest.xml:178:17-49
202            android:exported="true"
202-->D4V/android/AndroidManifest.xml:182:17-40
203            android:label="@string/frostwire_player"
203-->D4V/android/AndroidManifest.xml:179:17-57
204            android:launchMode="singleTask"
204-->D4V/android/AndroidManifest.xml:180:17-48
205            android:windowSoftInputMode="adjustPan" >
205-->D4V/android/AndroidManifest.xml:181:17-56
206            <intent-filter>
206-->D4V/android/AndroidManifest.xml:183:13-193:29
207                <action android:name="android.intent.action.VIEW" />
207-->D4V/android/AndroidManifest.xml:91:17-69
207-->D4V/android/AndroidManifest.xml:91:25-66
208
209                <category android:name="android.intent.category.DEFAULT" />
209-->D4V/android/AndroidManifest.xml:86:17-76
209-->D4V/android/AndroidManifest.xml:86:27-73
210
211                <data android:scheme="content" />
211-->D4V/android/AndroidManifest.xml:96:17-49
211-->D4V/android/AndroidManifest.xml:96:23-46
212                <data android:mimeType="audio/*" />
212-->D4V/android/AndroidManifest.xml:96:17-49
212-->D4V/android/AndroidManifest.xml:105:23-66
213                <data android:mimeType="application/ogg" />
213-->D4V/android/AndroidManifest.xml:96:17-49
213-->D4V/android/AndroidManifest.xml:105:23-66
214                <data android:mimeType="application/x-ogg" />
214-->D4V/android/AndroidManifest.xml:96:17-49
214-->D4V/android/AndroidManifest.xml:105:23-66
215                <data android:mimeType="application/itunes" />
215-->D4V/android/AndroidManifest.xml:96:17-49
215-->D4V/android/AndroidManifest.xml:105:23-66
216            </intent-filter>
217            <intent-filter>
217-->D4V/android/AndroidManifest.xml:194:13-204:29
218                <action android:name="android.intent.action.VIEW" />
218-->D4V/android/AndroidManifest.xml:91:17-69
218-->D4V/android/AndroidManifest.xml:91:25-66
219
220                <category android:name="android.intent.category.DEFAULT" />
220-->D4V/android/AndroidManifest.xml:86:17-76
220-->D4V/android/AndroidManifest.xml:86:27-73
221
222                <data android:scheme="file" />
222-->D4V/android/AndroidManifest.xml:96:17-49
222-->D4V/android/AndroidManifest.xml:96:23-46
223                <data android:mimeType="audio/*" />
223-->D4V/android/AndroidManifest.xml:96:17-49
223-->D4V/android/AndroidManifest.xml:105:23-66
224                <data android:mimeType="application/ogg" />
224-->D4V/android/AndroidManifest.xml:96:17-49
224-->D4V/android/AndroidManifest.xml:105:23-66
225                <data android:mimeType="application/x-ogg" />
225-->D4V/android/AndroidManifest.xml:96:17-49
225-->D4V/android/AndroidManifest.xml:105:23-66
226                <data android:mimeType="application/itunes" />
226-->D4V/android/AndroidManifest.xml:96:17-49
226-->D4V/android/AndroidManifest.xml:105:23-66
227            </intent-filter>
228            <intent-filter>
228-->D4V/android/AndroidManifest.xml:205:13-216:29
229                <action android:name="android.intent.action.VIEW" />
229-->D4V/android/AndroidManifest.xml:91:17-69
229-->D4V/android/AndroidManifest.xml:91:25-66
230
231                <category android:name="android.intent.category.DEFAULT" />
231-->D4V/android/AndroidManifest.xml:86:17-76
231-->D4V/android/AndroidManifest.xml:86:27-73
232                <category android:name="android.intent.category.BROWSABLE" />
232-->D4V/android/AndroidManifest.xml:94:17-78
232-->D4V/android/AndroidManifest.xml:94:27-75
233
234                <data android:scheme="http" />
234-->D4V/android/AndroidManifest.xml:96:17-49
234-->D4V/android/AndroidManifest.xml:96:23-46
235                <data android:mimeType="audio/*" />
235-->D4V/android/AndroidManifest.xml:96:17-49
235-->D4V/android/AndroidManifest.xml:105:23-66
236                <data android:mimeType="application/ogg" />
236-->D4V/android/AndroidManifest.xml:96:17-49
236-->D4V/android/AndroidManifest.xml:105:23-66
237                <data android:mimeType="application/x-ogg" />
237-->D4V/android/AndroidManifest.xml:96:17-49
237-->D4V/android/AndroidManifest.xml:105:23-66
238                <data android:mimeType="application/itunes" />
238-->D4V/android/AndroidManifest.xml:96:17-49
238-->D4V/android/AndroidManifest.xml:105:23-66
239            </intent-filter>
240            <intent-filter android:scheme="http" >
240-->D4V/android/AndroidManifest.xml:217:13-227:29
240-->D4V/android/AndroidManifest.xml:218:21-42
241                <action android:name="android.intent.action.VIEW" />
241-->D4V/android/AndroidManifest.xml:91:17-69
241-->D4V/android/AndroidManifest.xml:91:25-66
242
243                <category android:name="android.intent.category.DEFAULT" />
243-->D4V/android/AndroidManifest.xml:86:17-76
243-->D4V/android/AndroidManifest.xml:86:27-73
244
245                <data android:mimeType="vnd.android.cursor.dir/playlist" />
245-->D4V/android/AndroidManifest.xml:96:17-49
245-->D4V/android/AndroidManifest.xml:105:23-66
246                <data android:mimeType="vnd.android.cursor.dir/albums" />
246-->D4V/android/AndroidManifest.xml:96:17-49
246-->D4V/android/AndroidManifest.xml:105:23-66
247                <data android:mimeType="vnd.android.cursor.dir/artists" />
247-->D4V/android/AndroidManifest.xml:96:17-49
247-->D4V/android/AndroidManifest.xml:105:23-66
248            </intent-filter>
249            <intent-filter>
249-->D4V/android/AndroidManifest.xml:228:13-232:29
250                <action android:name="com.frostwire.d4v.AUDIO_PLAYER" />
250-->D4V/android/AndroidManifest.xml:229:17-73
250-->D4V/android/AndroidManifest.xml:229:25-70
251
252                <category android:name="android.intent.category.DEFAULT" />
252-->D4V/android/AndroidManifest.xml:86:17-76
252-->D4V/android/AndroidManifest.xml:86:27-73
253            </intent-filter>
254            <intent-filter>
254-->D4V/android/AndroidManifest.xml:233:13-240:29
255                <action android:name="android.intent.action.PICK" />
255-->D4V/android/AndroidManifest.xml:234:17-69
255-->D4V/android/AndroidManifest.xml:234:25-66
256
257                <category android:name="android.intent.category.DEFAULT" />
257-->D4V/android/AndroidManifest.xml:86:17-76
257-->D4V/android/AndroidManifest.xml:86:27-73
258                <category android:name="android.intent.category.OPENABLE" />
258-->D4V/android/AndroidManifest.xml:237:17-77
258-->D4V/android/AndroidManifest.xml:237:27-74
259
260                <data android:mimeType="vnd.android.cursor.dir/audio" />
260-->D4V/android/AndroidManifest.xml:96:17-49
260-->D4V/android/AndroidManifest.xml:105:23-66
261            </intent-filter>
262        </activity>
263        <activity
263-->D4V/android/AndroidManifest.xml:242:9-244:53
264            android:name="com.andrew.apollo.ui.activities.ProfileActivity"
264-->D4V/android/AndroidManifest.xml:243:17-79
265            android:excludeFromRecents="true" />
265-->D4V/android/AndroidManifest.xml:244:17-50
266        <activity
266-->D4V/android/AndroidManifest.xml:245:9-255:20
267            android:name="com.andrew.apollo.ui.activities.ShortcutActivity"
267-->D4V/android/AndroidManifest.xml:246:17-80
268            android:excludeFromRecents="true"
268-->D4V/android/AndroidManifest.xml:247:17-50
269            android:exported="true"
269-->D4V/android/AndroidManifest.xml:249:17-40
270            android:theme="@style/Theme.Transparent" >
270-->D4V/android/AndroidManifest.xml:248:17-57
271            <intent-filter>
271-->D4V/android/AndroidManifest.xml:250:13-254:29
272                <action android:name="android.media.action.MEDIA_PLAY_FROM_SEARCH" />
272-->D4V/android/AndroidManifest.xml:251:17-86
272-->D4V/android/AndroidManifest.xml:251:25-83
273
274                <category android:name="android.intent.category.DEFAULT" />
274-->D4V/android/AndroidManifest.xml:86:17-76
274-->D4V/android/AndroidManifest.xml:86:27-73
275            </intent-filter>
276        </activity>
277        <activity
277-->D4V/android/AndroidManifest.xml:256:9-270:20
278            android:name="com.andrew.apollo.ui.activities.SearchActivity"
278-->D4V/android/AndroidManifest.xml:257:17-78
279            android:exported="true"
279-->D4V/android/AndroidManifest.xml:259:17-40
280            android:parentActivityName="com.andrew.apollo.ui.activities.HomeActivity" >
280-->D4V/android/AndroidManifest.xml:258:17-90
281            <intent-filter>
281-->D4V/android/AndroidManifest.xml:260:13-265:29
282                <action android:name="android.intent.action.SEARCH" />
282-->D4V/android/AndroidManifest.xml:261:17-71
282-->D4V/android/AndroidManifest.xml:261:25-68
283                <action android:name="android.intent.action.MEDIA_SEARCH" />
283-->D4V/android/AndroidManifest.xml:262:17-77
283-->D4V/android/AndroidManifest.xml:262:25-74
284
285                <category android:name="android.intent.category.DEFAULT" />
285-->D4V/android/AndroidManifest.xml:86:17-76
285-->D4V/android/AndroidManifest.xml:86:27-73
286            </intent-filter>
287
288            <meta-data
288-->D4V/android/AndroidManifest.xml:267:13-269:58
289                android:name="android.app.searchable"
289-->D4V/android/AndroidManifest.xml:268:21-58
290                android:resource="@xml/searchable" />
290-->D4V/android/AndroidManifest.xml:269:21-55
291        </activity>
292        <!-- services -->
293
294        <service
294-->D4V/android/AndroidManifest.xml:273:9-276:76
295            android:name="com.frostwire.d4v.gui.services.EngineService"
295-->D4V/android/AndroidManifest.xml:274:17-76
296            android:exported="false"
296-->D4V/android/AndroidManifest.xml:275:17-41
297            android:permission="android.permission.BIND_JOB_SERVICE" />
297-->D4V/android/AndroidManifest.xml:276:17-73
298        <service
298-->D4V/android/AndroidManifest.xml:277:9-281:55
299            android:name="com.andrew.apollo.MusicPlaybackService"
299-->D4V/android/AndroidManifest.xml:278:17-70
300            android:foregroundServiceType="mediaPlayback"
300-->D4V/android/AndroidManifest.xml:279:17-62
301            android:permission="android.permission.BIND_JOB_SERVICE"
301-->D4V/android/AndroidManifest.xml:280:17-73
302            android:protectionLevel="dangerous" />
302-->D4V/android/AndroidManifest.xml:281:17-52
303
304        <!-- receivers -->
305
306        <receiver
306-->D4V/android/AndroidManifest.xml:285:9-291:20
307            android:name="com.frostwire.d4v.gui.services.EngineBroadcastReceiver"
307-->D4V/android/AndroidManifest.xml:286:17-86
308            android:exported="true" >
308-->D4V/android/AndroidManifest.xml:287:17-40